PCAD Importer Log
Project : 1N5819.LibPkg

Section : E:\Other\Аспирантура\Плата генератора\Footprint & 3D\1N5819\1N5819.lia
    Section : PCB Library - 1N5819.PcbLib
        Section : Load Messages
            Warning - 1 : Skipping Token ZENER_DIODE On Line 133
            Warning - 1 : Skipping Token attachedSymbol On Line 181
        EndSection

        Section : Import Messages
            Warning - 0 : PCAD Pattern Graphics [*DO41-7.6][Primary] associated with PCAD Component [1N5819] has been renamed to PCB FootPrint [*DO41-7.6_1N5819(Primary)].
        EndSection
    EndSection

    Section : SCH Library - 1N5819.SchLib
        Section : Parsing Messages
            Warning - 1 : Skipping Token padStyleDef On Line 9
            Warning - 1 : Skipping Token multiLayer On Line 84
            Warning - 1 : Skipping Token layerContents On Line 88
            Warning - 1 : Skipping Token layerContents On Line 94
            Warning - 1 : Skipping Token layerContents On Line 100
        EndSection

        Section : Generating SCH Library - 1N5819.SchLib
            Warning - 0 : PCAD Pattern Graphics [*DO41-7.6][Primary] associated with PCAD Component [1N5819] has been renamed to PCB FootPrint [*DO41-7.6_1N5819(Primary)].
        EndSection
    EndSection
EndSection
